[   864.252] 
X.Org X Server 1.21.1.7
X Protocol Version 11, Revision 0
[   864.252] Current Operating System: Linux raspberrypi 6.6.62+rpt-rpi-v8 #1 SMP PREEMPT Debian 1:6.6.62-1+rpt1 (2024-11-25) aarch64
[   864.252] Kernel command line: coherent_pool=1M 8250.nr_uarts=0 snd_bcm2835.enable_headphones=0 cgroup_disable=memory numa_policy=interleave snd_bcm2835.enable_headphones=1 snd_bcm2835.enable_hdmi=1 snd_bcm2835.enable_hdmi=0  smsc95xx.macaddr=E4:5F:01:6D:71:94 vc_mem.mem_base=0x3ec00000 vc_mem.mem_size=0x40000000  console=ttyS0,115200 console=tty1 root=PARTUUID=463d42d4-02 rootfstype=ext4 fsck.repair=yes rootwait quiet splash plymouth.ignore-serial-consoles cfg80211.ieee80211_regdom=FR
[   864.252] xorg-server 2:21.1.7-3+rpt3+deb12u8 (https://www.debian.org/support) 
[   864.252] Current version of pixman: 0.42.2
[   864.252] 	Before reporting problems, check http://wiki.x.org
	to make sure that you have the latest version.
[   864.252] Markers: (--) probed, (**) from config file, (==) default setting,
	(++) from command line, (!!) notice, (II) informational,
	(WW) warning, (EE) error, (NI) not implemented, (??) unknown.
[   864.252] (++) Log file: ".xorgxrdp.10.log", Time: Thu Dec  5 18:08:32 2024
[   864.253] (++) Using config file: "/etc/X11/xrdp/xorg.conf"
[   864.253] (==) Using config directory: "/etc/X11/xorg.conf.d"
[   864.253] (==) Using system config directory "/usr/share/X11/xorg.conf.d"
[   864.255] (**) Option "defaultserverlayout" "X11 Server"
[   864.255] (**) ServerLayout "X11 Server"
[   864.255] (**) |-->Screen "Screen (xrdpdev)" (0)
[   864.255] (**) |   |-->Monitor "Monitor"
[   864.258] (**) |   |-->Device "Video Card (xrdpdev)"
[   864.258] (**) |-->Input Device "xrdpMouse"
[   864.258] (**) |-->Input Device "xrdpKeyboard"
[   864.258] (**) Option "DontVTSwitch" "on"
[   864.258] (**) Option "AutoAddDevices" "off"
[   864.258] (**) Not automatically adding devices
[   864.258] (==) Automatically enabling devices
[   864.258] (==) Automatically adding GPU devices
[   864.258] (==) Automatically binding GPU devices
[   864.258] (==) Max clients allowed: 256, resource mask: 0x1fffff
[   864.258] (WW) The directory "/usr/share/fonts/X11/cyrillic" does not exist.
[   864.258] 	Entry deleted from font path.
[   864.258] (==) FontPath set to:
	/usr/share/fonts/X11/misc,
	/usr/share/fonts/X11/100dpi/:unscaled,
	/usr/share/fonts/X11/75dpi/:unscaled,
	/usr/share/fonts/X11/Type1,
	/usr/share/fonts/X11/100dpi,
	/usr/share/fonts/X11/75dpi,
	built-ins
[   864.258] (==) ModulePath set to "/usr/lib/xorg/modules"
[   864.258] (II) Loader magic: 0x558cb30ef0
[   864.258] (II) Module ABI versions:
[   864.259] 	X.Org ANSI C Emulation: 0.4
[   864.259] 	X.Org Video Driver: 25.2
[   864.259] 	X.Org XInput driver : 24.4
[   864.259] 	X.Org Server Extension : 10.0
[   864.263] (II) systemd-logind: took control of session /org/freedesktop/login1/session/c1
[   864.265] (II) xfree86: Adding drm device (/dev/dri/card1)
[   864.265] (II) Platform probe for /sys/devices/platform/gpu/drm/card1
[   864.266] (EE) systemd-logind: failed to take device /dev/dri/card1: Operation not permitted
[   864.266] (II) xfree86: Adding drm device (/dev/dri/card0)
[   864.266] (II) Platform probe for /sys/devices/platform/v3dbus/fec00000.v3d/drm/card0
[   864.267] (EE) systemd-logind: failed to take device /dev/dri/card0: Operation not permitted
[   864.267] (**) OutputClass "vc4" setting /dev/dri/card1 as PrimaryGPU
[   864.268] (II) "glx" will be loaded. This was enabled by default and also specified in the config file.
[   864.268] (II) LoadModule: "dbe"
[   864.268] (II) Module "dbe" already built-in
[   864.268] (II) LoadModule: "ddc"
[   864.268] (II) Module "ddc" already built-in
[   864.268] (II) LoadModule: "extmod"
[   864.268] (II) Module "extmod" already built-in
[   864.268] (II) LoadModule: "glx"
[   864.271] (II) Loading /usr/lib/xorg/modules/extensions/libglx.so
[   864.300] (II) Module glx: vendor="X.Org Foundation"
[   864.300] 	compiled for 1.21.1.7, module version = 1.0.0
[   864.300] 	ABI class: X.Org Server Extension, version 10.0
[   864.300] (II) LoadModule: "int10"
[   864.300] (II) Loading /usr/lib/xorg/modules/libint10.so
[   864.306] (II) Module int10: vendor="X.Org Foundation"
[   864.306] 	compiled for 1.21.1.7, module version = 1.0.0
[   864.306] 	ABI class: X.Org Video Driver, version 25.2
[   864.306] (II) LoadModule: "record"
[   864.306] (II) Module "record" already built-in
[   864.306] (II) LoadModule: "vbe"
[   864.306] (II) Loading /usr/lib/xorg/modules/libint10.so
[   864.306] (II) Module int10: vendor="X.Org Foundation"
[   864.306] 	compiled for 1.21.1.7, module version = 1.0.0
[   864.306] 	ABI class: X.Org Video Driver, version 25.2
[   864.306] (II) LoadModule: "glamoregl"
[   864.306] (II) Loading /usr/lib/xorg/modules/libglamoregl.so
[   864.320] (II) Module glamoregl: vendor="X.Org Foundation"
[   864.320] 	compiled for 1.21.1.7, module version = 1.0.1
[   864.320] 	ABI class: X.Org ANSI C Emulation, version 0.4
[   864.320] (II) LoadModule: "xorgxrdp"
[   864.321] (II) Loading /usr/lib/xorg/modules/libxorgxrdp.so
[   864.321] (II) Module XORGXRDP: vendor="X.Org Foundation"
[   864.321] 	compiled for 1.21.1.5, module version = 0.9.19
[   864.321] 	ABI class: X.Org Video Driver, version 25.2
[   864.321] xorgxrdpSetup:
[   864.321] (II) LoadModule: "fb"
[   864.321] (II) Module "fb" already built-in
[   864.321] (II) LoadModule: "xrdpdev"
[   864.321] (II) Loading /usr/lib/xorg/modules/drivers/xrdpdev_drv.so
[   864.322] (II) Module XRDPDEV: vendor="X.Org Foundation"
[   864.322] 	compiled for 1.21.1.5, module version = 0.9.19
[   864.322] 	ABI class: X.Org Video Driver, version 25.2
[   864.322] xrdpdevSetup:
[   864.322] (II) LoadModule: "xrdpmouse"
[   864.322] (II) Loading /usr/lib/xorg/modules/input/xrdpmouse_drv.so
[   864.322] (II) Module XRDPMOUSE: vendor="X.Org Foundation"
[   864.322] 	compiled for 1.21.1.5, module version = 0.9.19
[   864.322] 	Module class: X.Org XInput Driver
[   864.322] 	ABI class: X.Org XInput driver, version 24.4
[   864.322] rdpmousePlug:
[   864.322] (II) LoadModule: "xrdpkeyb"
[   864.322] (II) Loading /usr/lib/xorg/modules/input/xrdpkeyb_drv.so
[   864.322] (II) Module XRDPKEYB: vendor="X.Org Foundation"
[   864.322] 	compiled for 1.21.1.5, module version = 0.9.19
[   864.322] 	Module class: X.Org XInput Driver
[   864.322] 	ABI class: X.Org XInput driver, version 24.4
[   864.322] rdpkeybPlug:
[   864.322] rdpIdentify:
[   864.322] (II) XRDPDEV: driver for xrdp: XRDPDEV
[   864.323] rdpDriverFunc: op 10
[   864.323] (WW) Falling back to old probe method for XRDPDEV
[   864.323] rdpProbe:
[   864.323] (II) Loading sub module "fb"
[   864.323] (II) LoadModule: "fb"
[   864.323] (II) Module "fb" already built-in
[   864.323] rdpProbe: found DRMDevice xorg.conf value [/dev/dri/renderD128]
[   864.323] rdpProbe: found DRI3 xorg.conf value [1]
[   864.323] (II) XRDPDEV(0): using default device
[   864.323] (WW) VGA arbiter: cannot open kernel arbiter, no multi-card support
[   864.323] rdpPreInit:
[   864.323] rdpPreInit: /dev/dri/renderD128 open ok, fd 12
[   864.323] (**) XRDPDEV(0): Depth 24, (--) framebuffer bpp 32
[   864.323] (==) XRDPDEV(0): RGB weight 888
[   864.323] (==) XRDPDEV(0): Using gamma correction (1.0, 1.0, 1.0)
[   864.323] (==) XRDPDEV(0): Default visual is TrueColor
[   864.323] (==) XRDPDEV(0): DPI set to (96, 96)
[   864.323] (II) XRDPDEV(0): 	mode "640x480" ok
[   864.323] (II) XRDPDEV(0): 	mode "800x600" ok
[   864.323] (II) XRDPDEV(0): Virtual size is 800x600 (pitch 800)
[   864.323] (**) XRDPDEV(0):  Default mode "800x600": 36.0 MHz (scaled from 0.0 MHz), 35.2 kHz, 56.2 Hz
[   864.323] (II) XRDPDEV(0): Modeline "800x600"x0.0   36.00  800 824 896 1024  600 601 603 625 +hsync +vsync (35.2 kHz d)
[   864.323] (II) Loading sub module "glamoregl"
[   864.323] (II) LoadModule: "glamoregl"
[   864.323] (II) Loading /usr/lib/xorg/modules/libglamoregl.so
[   864.323] (II) Module glamoregl: vendor="X.Org Foundation"
[   864.323] 	compiled for 1.21.1.7, module version = 1.0.1
[   864.323] 	ABI class: X.Org ANSI C Emulation, version 0.4
[   864.323] rdpPreInit: glamor module load ok
[   864.431] (II) XRDPDEV(0): glamor X acceleration enabled on V3D 4.2
[   864.431] rdpPreInit: glamor init ok
[   864.435] rdpScreenInit: virtualX 800 virtualY 600 rgbBits 8 depth 24
[   864.435] rdpScreenInit: pfbMemory bytes 1920000
[   864.435] rdpScreenInit: pfbMemory 0x7f9b2da010
[   864.439] rdpSimdInit: assigning yuv functions
[   864.547] rdpScreenInit: glamor_init ok
[   864.547] rdpDri2Init:
[   864.547] (II) XRDPDEV(0): [DRI2] Setup complete
[   864.547] (II) XRDPDEV(0): [DRI2]   DRI driver: v3d
[   864.547] (II) XRDPDEV(0): [DRI2]   VDPAU driver: v3d
[   864.547] rdpScreenInit: rdpDri2Init ok
[   864.547] rdpScreenInit: rdpDri3Init ok
[   864.547] (==) XRDPDEV(0): Backing store enabled
[   864.552] rdpClientConInit: disconnect idle session after [0] sec
[   864.552] rdpClientConInit: kill disconnected [0] timeout [0] sec
[   864.552] rdpClientConInit: do_touchpad_scroll_hack [0]
[   864.561] rdpEglCreate: vertex_shader compiled 0
[   864.561] rdpEglCreate: fragment_shader compiled 0
[   864.561] rdpEglCreate: linked 0
[   864.561] (EE) glamor0: GL error: GL_INVALID_OPERATION in glGetUniformLocation(program not linked)
[   864.561] (EE) 
[   864.561] (EE) Backtrace:
[   864.589] (EE) 0: /usr/lib/aarch64-linux-gnu/dri/v3d_dri.so (__driDriverGetExtensions_d3d12+0x2397e4) [0x7fa69956d4]
[   864.590] (EE) 1: /usr/lib/aarch64-linux-gnu/dri/v3d_dri.so (__driDriverGetExtensions_d3d12+0x2397e4) [0x7fa69956d4]
[   864.591] (EE) 2: /lib/aarch64-linux-gnu/libc.so.6 (__libc_free+0xd8) [0x7fa91df76c]
[   864.591] (EE) 
[   864.591] (EE) glamor0: GL error: GL_INVALID_OPERATION in glGetUniformLocation(program not linked)
[   864.591] (EE) 
[   864.591] (EE) Backtrace:
[   864.591] (EE) 0: /usr/lib/aarch64-linux-gnu/dri/v3d_dri.so (__driDriverGetExtensions_d3d12+0x2397e4) [0x7fa69956d4]
[   864.592] (EE) 1: /usr/lib/aarch64-linux-gnu/dri/v3d_dri.so (__driDriverGetExtensions_d3d12+0x2397e4) [0x7fa69956d4]
[   864.593] (EE) 2: /lib/aarch64-linux-gnu/libc.so.6 (__libc_free+0xd8) [0x7fa91df76c]
[   864.593] (EE) 
[   864.593] rdpEglCreate: copy_tex_loc -1 copy_tex_size_loc -1
[   864.593] rdpEglCreate: vertex_shader compiled 0
[   864.593] rdpEglCreate: fragment_shader compiled 0
[   864.594] rdpEglCreate: linked 0
[   864.594] (EE) glamor0: GL error: GL_INVALID_OPERATION in glGetUniformLocation(program not linked)
[   864.594] (EE) 
[   864.594] (EE) Backtrace:
[   864.594] (EE) 0: /usr/lib/aarch64-linux-gnu/dri/v3d_dri.so (__driDriverGetExtensions_d3d12+0x2397e4) [0x7fa69956d4]
[   864.595] (EE) 1: /usr/lib/aarch64-linux-gnu/dri/v3d_dri.so (__driDriverGetExtensions_d3d12+0x2397e4) [0x7fa69956d4]
[   864.596] (EE) 2: /lib/aarch64-linux-gnu/libc.so.6 (__libc_free+0xd8) [0x7fa91df76c]
[   864.596] (EE) 
[   864.596] (EE) glamor0: GL error: GL_INVALID_OPERATION in glGetUniformLocation(program not linked)
[   864.596] (EE) 
[   864.596] (EE) Backtrace:
[   864.596] (EE) 0: /usr/lib/aarch64-linux-gnu/dri/v3d_dri.so (__driDriverGetExtensions_d3d12+0x2397e4) [0x7fa69956d4]
[   864.597] (EE) 1: /usr/lib/aarch64-linux-gnu/dri/v3d_dri.so (__driDriverGetExtensions_d3d12+0x2397e4) [0x7fa69956d4]
[   864.598] (EE) 2: /lib/aarch64-linux-gnu/libc.so.6 (__libc_free+0xd8) [0x7fa91df76c]
[   864.598] (EE) 
[   864.598] rdpEglCreate: yuv_tex_loc -1 yuv_tex_size_loc -1
[   864.598] rdpEglCreate: vertex_shader compiled 0
[   864.599] rdpEglCreate: fragment_shader compiled 0
[   864.599] rdpEglCreate: linked 0
[   864.599] (EE) glamor0: GL error: GL_INVALID_OPERATION in glGetUniformLocation(program not linked)
[   864.599] (EE) 
[   864.599] (EE) Backtrace:
[   864.599] (EE) 0: /usr/lib/aarch64-linux-gnu/dri/v3d_dri.so (__driDriverGetExtensions_d3d12+0x2397e4) [0x7fa69956d4]
[   864.600] (EE) 1: /usr/lib/aarch64-linux-gnu/dri/v3d_dri.so (__driDriverGetExtensions_d3d12+0x2397e4) [0x7fa69956d4]
[   864.601] (EE) 2: /lib/aarch64-linux-gnu/libc.so.6 (__libc_free+0xd8) [0x7fa91df76c]
[   864.601] (EE) 
[   864.601] (EE) glamor0: GL error: GL_INVALID_OPERATION in glGetUniformLocation(program not linked)
[   864.602] (EE) 
[   864.602] (EE) Backtrace:
[   864.602] (EE) 0: /usr/lib/aarch64-linux-gnu/dri/v3d_dri.so (__driDriverGetExtensions_d3d12+0x2397e4) [0x7fa69956d4]
[   864.603] (EE) 1: /usr/lib/aarch64-linux-gnu/dri/v3d_dri.so (__driDriverGetExtensions_d3d12+0x2397e4) [0x7fa69956d4]
[   864.603] (EE) 2: /lib/aarch64-linux-gnu/libc.so.6 (__libc_free+0xd8) [0x7fa91df76c]
[   864.603] (EE) 
[   864.603] rdpEglCreate: yuvlp_tex_loc -1 yuvlp_tex_size_loc -1
[   864.605] rdpEglCreate: vertex_shader compiled 0
[   864.605] rdpEglCreate: fragment_shader compiled 0
[   864.605] rdpEglCreate: linked 0
[   864.605] (EE) glamor0: GL error: GL_INVALID_OPERATION in glGetUniformLocation(program not linked)
[   864.605] (EE) 
[   864.606] (EE) Backtrace:
[   864.606] (EE) 0: /usr/lib/aarch64-linux-gnu/dri/v3d_dri.so (__driDriverGetExtensions_d3d12+0x2397e4) [0x7fa69956d4]
[   864.607] (EE) 1: /usr/lib/aarch64-linux-gnu/dri/v3d_dri.so (__driDriverGetExtensions_d3d12+0x2397e4) [0x7fa69956d4]
[   864.608] (EE) 2: /lib/aarch64-linux-gnu/libc.so.6 (__libc_free+0xd8) [0x7fa91df76c]
[   864.608] (EE) 
[   864.608] (EE) glamor0: GL error: GL_INVALID_OPERATION in glGetUniformLocation(program not linked)
[   864.608] (EE) 
[   864.608] (EE) Backtrace:
[   864.609] (EE) 0: /usr/lib/aarch64-linux-gnu/dri/v3d_dri.so (__driDriverGetExtensions_d3d12+0x2397e4) [0x7fa69956d4]
[   864.610] (EE) 1: /usr/lib/aarch64-linux-gnu/dri/v3d_dri.so (__driDriverGetExtensions_d3d12+0x2397e4) [0x7fa69956d4]
[   864.611] (EE) 2: /lib/aarch64-linux-gnu/libc.so.6 (__libc_free+0xd8) [0x7fa91df76c]
[   864.611] (EE) 
[   864.611] rdpEglCreate: crc_tex_loc -1 crc_tex_size_loc -1
[   864.611] rdpScreenInit: out
[   864.612] (II) Initializing extension Generic Event Extension
[   864.613] (II) Initializing extension SHAPE
[   864.613] (II) Initializing extension MIT-SHM
[   864.613] (II) Initializing extension XInputExtension
[   864.616] (II) Initializing extension XTEST
[   864.617] (II) Initializing extension BIG-REQUESTS
[   864.617] (II) Initializing extension SYNC
[   864.617] (II) Initializing extension XKEYBOARD
[   864.617] (II) Initializing extension XC-MISC
[   864.618] (II) Initializing extension SECURITY
[   864.618] (II) Initializing extension XFIXES
[   864.618] (II) Initializing extension RENDER
[   864.618] (II) Initializing extension RANDR
[   864.619] (II) Initializing extension COMPOSITE
[   864.619] (II) Initializing extension DAMAGE
[   864.619] (II) Initializing extension MIT-SCREEN-SAVER
[   864.619] (II) Initializing extension DOUBLE-BUFFER
[   864.620] (II) Initializing extension RECORD
[   864.620] (II) Initializing extension DPMS
[   864.620] (II) Initializing extension Present
[   864.620] (II) Initializing extension DRI3
[   864.620] (II) Initializing extension X-Resource
[   864.621] (II) Initializing extension XVideo
[   864.621] (II) Initializing extension XVideo-MotionCompensation
[   864.621] (II) Initializing extension SELinux
[   864.621] (II) SELinux: Disabled on system
[   864.621] (II) Initializing extension GLX
[   864.633] (II) AIGLX: Loaded and initialized v3d
[   864.633] (II) GLX: Initialized DRI2 GL provider for screen 0
[   864.633] (II) Initializing extension XFree86-VidModeExtension
[   864.634] (II) Initializing extension XFree86-DGA
[   864.634] (II) Initializing extension XFree86-DRI
[   864.634] (II) Initializing extension DRI2
[   864.634] rdpCreateScreenResources:
[   864.634] rdpCreateScreenResources: create screen pixmap w 800 h 600
[   864.644] rdpCreateScreenResources: screen_tex 0x00000001
[   864.757] (II) Using input driver 'XRDPMOUSE' for 'xrdpMouse'
[   864.757] (**) Option "CorePointer"
[   864.757] (**) xrdpMouse: always reports core events
[   864.757] rdpmousePreInit: drv 0x559cbaec00 info 0x559d6e64e0, flags 0x0
[   864.757] (II) XINPUT: Adding extended input device "xrdpMouse" (type: Mouse, id 6)
[   864.757] rdpmouseControl: what 0
[   864.757] rdpmouseDeviceInit:
[   864.758] rdpmouseCtrl:
[   864.758] rdpRegisterInputCallback: type 1 proc 0x7fa8260cc4
[   864.758] (**) xrdpMouse: (accel) keeping acceleration scheme 1
[   864.758] (**) xrdpMouse: (accel) acceleration profile 0
[   864.758] (**) xrdpMouse: (accel) acceleration factor: 2.000
[   864.758] (**) xrdpMouse: (accel) acceleration threshold: 4
[   864.758] rdpmouseControl: what 1
[   864.758] rdpmouseDeviceOn:
[   864.758] (II) Using input driver 'XRDPKEYB' for 'xrdpKeyboard'
[   864.758] (**) Option "CoreKeyboard"
[   864.758] (**) xrdpKeyboard: always reports core events
[   864.758] rdpkeybPreInit: drv 0x559cbad220 info 0x559d86ead0, flags 0x0
[   864.758] (II) XINPUT: Adding extended input device "xrdpKeyboard" (type: Keyboard, id 7)
[   864.758] rdpkeybControl: what 0
[   864.758] rdpkeybDeviceInit:
[   864.792] rdpkeybChangeKeyboardControl:
[   864.792] rdpkeybChangeKeyboardControl: autoRepeat on
[   864.792] rdpRegisterInputCallback: type 0 proc 0x7fa8231730
[   864.792] rdpkeybControl: what 1
[   864.792] rdpkeybDeviceOn:
[   864.814] (II) config/udev: Adding input device   RPI Wired Keyboard 2 (/dev/input/event0)
[   864.814] (II) AutoAddDevices is off - not adding device.
[   864.817] (II) config/udev: Adding input device   RPI Wired Keyboard 2 (/dev/input/event1)
[   864.817] (II) AutoAddDevices is off - not adding device.
[   864.818] (II) config/udev: Adding input device PixArt USB Optical Mouse (/dev/input/event2)
[   864.818] (II) AutoAddDevices is off - not adding device.
[   864.820] (II) config/udev: Adding input device PixArt USB Optical Mouse (/dev/input/mouse0)
[   864.820] (II) AutoAddDevices is off - not adding device.
[   864.821] (II) config/udev: Adding input device vc4-hdmi-0 (/dev/input/event3)
[   864.821] (II) AutoAddDevices is off - not adding device.
[   864.822] (II) config/udev: Adding input device vc4-hdmi-0 HDMI Jack (/dev/input/event4)
[   864.822] (II) AutoAddDevices is off - not adding device.
[   864.822] (II) config/udev: Adding input device vc4-hdmi-1 (/dev/input/event5)
[   864.822] (II) AutoAddDevices is off - not adding device.
[   864.823] (II) config/udev: Adding input device vc4-hdmi-1 HDMI Jack (/dev/input/event6)
[   864.823] (II) AutoAddDevices is off - not adding device.
[   864.831] rdpDeferredRandR:
[   864.831] rdpResizeSession: width 1024 height 768
[   864.831]   calling RRScreenSizeSet
[   864.831] rdpRRScreenSetSize: width 1024 height 768 mmWidth 271 mmHeight 203
[   864.834] rdpRRScreenSetSize: screen_tex 0x00000003
[   864.835] rdpRRGetInfo:
[   864.835]   screen resized to 1024x768
[   864.838]   RRScreenSizeSet ok 1
[   864.839] rdpResizeSession: width 744 height 440
[   864.839]   calling RRScreenSizeSet
[   864.839] rdpRRScreenSetSize: width 744 height 440 mmWidth 197 mmHeight 116
[   864.840] rdpRRScreenSetSize: screen_tex 0x00000004
[   864.840] rdpRRGetInfo:
[   864.840]   screen resized to 744x440
[   864.841]   RRScreenSizeSet ok 1
[   864.844] rdpClientConGotConnection:
[   864.845] rdpClientConGotConnection: g_sck_accept ok new_sck 25
[   864.845] rdpClientConGetConnection: idle_disconnect_timeout set to non-positive value, idle timer turned off
[   864.845] rdpAddClientConToDev: adding first clientCon 0x559d9f0030
[   864.845] rdpClientConProcessMsgVersion: version 0 0 0 1
[   864.845] rdpClientConProcessScreenSizeMsg: set width 744 height 440 bpp 32
[   864.845] rdpClientConAllocateSharedMemory: shmemid 0 shmemptr 0x7f9b36f000 bytes 1309440
[   864.845] rdpClientConProcessMsgClientInput: invalidate x 0 y 0 cx 744 cy 440
[   864.845] KbdSync: toggling num lock
[   864.845] rdpClientConProcessMsgClientInfo:
[   864.845]   got client info bytes 7072
[   864.845]   jpeg support 0
[   864.845]   offscreen support 0
[   864.845]   offscreen size 0
[   864.845]   offscreen entries 0
[   864.845]   client can not do offscreen to offscreen blits
[   864.845]   client can do new(color) cursor
[   864.845]   client can not do multimon
[   864.845] rdpRRSetRdpOutputs: numCrtcs 0 numOutputs 0 monitorCount 0
[   864.845] rdpRRSetRdpOutputs: add output 0 left 0 top 0 width 744 height 440
[   864.845] rdpLoadLayout: keylayout 0x0000040c variant  display 10
[   864.878] rdpkeybChangeKeyboardControl:
[   864.878] rdpkeybChangeKeyboardControl: autoRepeat on
[   864.880] rdpkeybChangeKeyboardControl:
[   864.880] rdpkeybChangeKeyboardControl: autoRepeat on
[   864.881] rdpkeybChangeKeyboardControl:
[   864.881] rdpkeybChangeKeyboardControl: autoRepeat on
[   864.881] rdpkeybChangeKeyboardControl:
[   864.881] rdpkeybChangeKeyboardControl: autoRepeat on
[   864.892] rdpInDeferredRepeatCallback:
[   864.892] rdpkeybChangeKeyboardControl:
[   864.892] rdpkeybChangeKeyboardControl: autoRepeat off
[   864.978] rdpInDeferredRepeatCallback:
[   864.978] rdpkeybChangeKeyboardControl:
[   864.978] rdpkeybChangeKeyboardControl: autoRepeat off
[   864.980] rdpInDeferredRepeatCallback:
[   864.980] rdpkeybChangeKeyboardControl:
[   864.980] rdpkeybChangeKeyboardControl: autoRepeat off
[   864.981] rdpInDeferredRepeatCallback:
[   864.982] rdpkeybChangeKeyboardControl:
[   864.982] rdpkeybChangeKeyboardControl: autoRepeat off
[   864.982] rdpInDeferredRepeatCallback:
[   864.982] rdpkeybChangeKeyboardControl:
[   864.982] rdpkeybChangeKeyboardControl: autoRepeat off
[   865.845] rdpkeybChangeKeyboardControl:
[   865.845] rdpkeybChangeKeyboardControl: autoRepeat off
[   865.845] rdpkeybChangeKeyboardControl:
[   865.845] rdpkeybChangeKeyboardControl: autoRepeat off
[   865.845] rdpkeybChangeKeyboardControl:
[   865.845] rdpkeybChangeKeyboardControl: autoRepeat off
[   865.845] rdpkeybChangeKeyboardControl:
[   865.845] rdpkeybChangeKeyboardControl: autoRepeat off
[   867.189] rdpRRGetInfo:
[   867.189] rdpRRCrtcGetGamma: 0x559d89a920 0x559d89fd00 0x559d8a0100 0x559d89ff00
[   867.189] rdpRRCrtcGetGamma: 0x559d89a920 0x559d89fd00 0x559d8a0100 0x559d89ff00
[   893.970] rdpRRGetInfo:
[   893.971] rdpRRCrtcGetGamma: 0x559d89a920 0x559d89fd00 0x559d8a0100 0x559d89ff00
[   893.971] rdpRRCrtcGetGamma: 0x559d89a920 0x559d89fd00 0x559d8a0100 0x559d89ff00
[   917.010] rdpRRGetInfo:
[   917.011] rdpRRCrtcGetGamma: 0x559d89a920 0x559d89fd00 0x559d8a0100 0x559d89ff00
[   917.011] rdpRRCrtcGetGamma: 0x559d89a920 0x559d89fd00 0x559d8a0100 0x559d89ff00
[  1034.343] rdpClientConProcessMsgClientInput: invalidate x 0 y 0 cx 1190 cy 638
[  1034.344] rdpClientConProcessMsgVersion: version 0 0 0 1
[  1034.344] rdpClientConProcessScreenSizeMsg: set width 1190 height 638 bpp 32
[  1034.344] rdpClientConAllocateSharedMemory: shmemid 17 shmemptr 0x7f98bb8000 bytes 3036880
[  1034.344] rdpRRScreenSetSize: width 1190 height 638 mmWidth 315 mmHeight 169
[  1034.355] rdpRRScreenSetSize: screen_tex 0x00000ad1
[  1034.355] rdpRRGetInfo:
[  1034.355]   screen resized to 1190x638
[  1034.366] rdpClientConProcessScreenSizeMsg: RRScreenSizeSet ok=[1]
[  1034.366] rdpClientConProcessMsgClientInput: invalidate x 0 y 0 cx 1190 cy 638
[  1034.372] rdpClientConProcessMsgClientInfo:
[  1034.373]   got client info bytes 7072
[  1034.373]   jpeg support 0
[  1034.373]   offscreen support 0
[  1034.373]   offscreen size 0
[  1034.373]   offscreen entries 0
[  1034.373]   client can not do offscreen to offscreen blits
[  1034.373]   client can do new(color) cursor
[  1034.373]   client can not do multimon
[  1034.373] rdpRRSetRdpOutputs: numCrtcs 1 numOutputs 1 monitorCount 0
[  1034.373] rdpRRSetRdpOutputs: update output 0 left 0 top 0 width 1190 height 638
[  1034.373] rdpRRUpdateOutput:
[  1034.374] rdpLoadLayout: keylayout 0x0000040c variant  display 10
[  1034.375] rdpkeybChangeKeyboardControl:
[  1034.375] rdpkeybChangeKeyboardControl: autoRepeat on
[  1034.379] rdpkeybChangeKeyboardControl:
[  1034.379] rdpkeybChangeKeyboardControl: autoRepeat on
[  1034.475] rdpInDeferredRepeatCallback:
[  1034.475] rdpkeybChangeKeyboardControl:
[  1034.475] rdpkeybChangeKeyboardControl: autoRepeat off
[  1034.480] rdpInDeferredRepeatCallback:
[  1034.480] rdpkeybChangeKeyboardControl:
[  1034.480] rdpkeybChangeKeyboardControl: autoRepeat off
[  1116.842] rdpClientConProcessMsgClientInput: invalidate x 0 y 0 cx 1534 cy 803
[  1116.842] rdpClientConProcessMsgVersion: version 0 0 0 1
[  1116.842] rdpClientConProcessScreenSizeMsg: set width 1534 height 803 bpp 32
[  1116.843] rdpClientConAllocateSharedMemory: shmemid 19 shmemptr 0x7f9a54a000 bytes 4927208
[  1116.843] rdpRRScreenSetSize: width 1534 height 803 mmWidth 406 mmHeight 212
[  1116.859] rdpRRScreenSetSize: screen_tex 0x00000b00
[  1116.861] rdpRRGetInfo:
[  1116.861]   screen resized to 1534x803
[  1116.870] rdpClientConProcessScreenSizeMsg: RRScreenSizeSet ok=[1]
[  1116.870] rdpClientConProcessMsgClientInput: invalidate x 0 y 0 cx 1534 cy 803
[  1116.879] rdpClientConProcessMsgClientInfo:
[  1116.879]   got client info bytes 7072
[  1116.879]   jpeg support 0
[  1116.879]   offscreen support 0
[  1116.880]   offscreen size 0
[  1116.880]   offscreen entries 0
[  1116.880]   client can not do offscreen to offscreen blits
[  1116.880]   client can do new(color) cursor
[  1116.880]   client can not do multimon
[  1116.880] rdpRRSetRdpOutputs: numCrtcs 1 numOutputs 1 monitorCount 0
[  1116.880] rdpRRSetRdpOutputs: update output 0 left 0 top 0 width 1534 height 803
[  1116.880] rdpRRUpdateOutput:
[  1116.881] rdpLoadLayout: keylayout 0x0000040c variant  display 10
[  1116.882] rdpkeybChangeKeyboardControl:
[  1116.882] rdpkeybChangeKeyboardControl: autoRepeat on
[  1116.886] rdpkeybChangeKeyboardControl:
[  1116.886] rdpkeybChangeKeyboardControl: autoRepeat on
[  1116.982] rdpInDeferredRepeatCallback:
[  1116.982] rdpkeybChangeKeyboardControl:
[  1116.982] rdpkeybChangeKeyboardControl: autoRepeat off
[  1116.986] rdpInDeferredRepeatCallback:
[  1116.986] rdpkeybChangeKeyboardControl:
[  1116.986] rdpkeybChangeKeyboardControl: autoRepeat off
[  1143.990] rdpClientConRecv: g_sck_recv failed(returned 0)
[  1143.990] rdpClientConRecvMsg: error
[  1143.990] rdpClientConCheck: rdpClientConGotData failed
[  1143.990] rdpClientConDisconnect:
[  1143.990] rdpRemoveClientConFromDev: removing clientCon 0x559d9f0030
[  1160.701] rdpClientConGotConnection:
[  1160.701] rdpClientConGotConnection: g_sck_accept ok new_sck 25
[  1160.702] rdpClientConGetConnection: idle_disconnect_timeout set to non-positive value, idle timer turned off
[  1160.702] rdpAddClientConToDev: adding first clientCon 0x559da4abc0
[  1160.707] rdpClientConProcessMsgVersion: version 0 0 0 1
[  1160.707] rdpClientConProcessScreenSizeMsg: set width 1532 height 800 bpp 32
[  1160.707] rdpClientConAllocateSharedMemory: shmemid 21 shmemptr 0x7f9a550000 bytes 4902400
[  1160.707] rdpRRScreenSetSize: width 1532 height 800 mmWidth 405 mmHeight 212
[  1160.708] rdpRRScreenSetSize: screen_tex 0x00000b32
[  1160.709] rdpRRGetInfo:
[  1160.709]   screen resized to 1532x800
[  1160.712] rdpClientConProcessScreenSizeMsg: RRScreenSizeSet ok=[1]
[  1160.716] rdpClientConProcessMsgClientInput: invalidate x 0 y 0 cx 1532 cy 800
[  1160.716] KbdSync: toggling num lock
[  1160.716] rdpkeybChangeKeyboardControl:
[  1160.716] rdpkeybChangeKeyboardControl: autoRepeat off
[  1160.716] rdpkeybChangeKeyboardControl:
[  1160.716] rdpkeybChangeKeyboardControl: autoRepeat off
[  1160.716] rdpClientConProcessMsgClientInfo:
[  1160.716]   got client info bytes 7072
[  1160.716]   jpeg support 0
[  1160.716]   offscreen support 0
[  1160.716]   offscreen size 0
[  1160.716]   offscreen entries 0
[  1160.716]   client can not do offscreen to offscreen blits
[  1160.716]   client can do new(color) cursor
[  1160.717]   client can not do multimon
[  1160.717] rdpRRSetRdpOutputs: numCrtcs 1 numOutputs 1 monitorCount 0
[  1160.717] rdpRRSetRdpOutputs: update output 0 left 0 top 0 width 1532 height 800
[  1160.717] rdpRRUpdateOutput:
[  1160.717] rdpLoadLayout: keylayout 0x0000040c variant  display 10
[  1160.717] rdpkeybChangeKeyboardControl:
[  1160.717] rdpkeybChangeKeyboardControl: autoRepeat on
[  1160.719] rdpkeybChangeKeyboardControl:
[  1160.719] rdpkeybChangeKeyboardControl: autoRepeat on
[  1160.820] rdpInDeferredRepeatCallback:
[  1160.820] rdpkeybChangeKeyboardControl:
[  1160.820] rdpkeybChangeKeyboardControl: autoRepeat off
[  1160.820] rdpInDeferredRepeatCallback:
[  1160.820] rdpkeybChangeKeyboardControl:
[  1160.820] rdpkeybChangeKeyboardControl: autoRepeat off
[  1161.176] rdpClientConProcessMsgClientInput: invalidate x 0 y 0 cx 1534 cy 803
[  1161.176] rdpClientConProcessMsgVersion: version 0 0 0 1
[  1161.176] rdpClientConProcessScreenSizeMsg: set width 1534 height 803 bpp 32
[  1161.176] rdpClientConAllocateSharedMemory: shmemid 22 shmemptr 0x7f9a54a000 bytes 4927208
[  1161.176] rdpRRScreenSetSize: width 1534 height 803 mmWidth 406 mmHeight 212
[  1161.177] rdpRRScreenSetSize: screen_tex 0x00000b3c
[  1161.178] rdpRRGetInfo:
[  1161.178]   screen resized to 1534x803
[  1161.179] rdpClientConProcessScreenSizeMsg: RRScreenSizeSet ok=[1]
[  1161.183] rdpClientConProcessMsgClientInput: invalidate x 0 y 0 cx 1534 cy 803
[  1161.194] rdpClientConProcessMsgClientInfo:
[  1161.194]   got client info bytes 7072
[  1161.194]   jpeg support 0
[  1161.194]   offscreen support 0
[  1161.194]   offscreen size 0
[  1161.194]   offscreen entries 0
[  1161.194]   client can not do offscreen to offscreen blits
[  1161.194]   client can do new(color) cursor
[  1161.194]   client can not do multimon
[  1161.194] rdpRRSetRdpOutputs: numCrtcs 1 numOutputs 1 monitorCount 0
[  1161.194] rdpRRSetRdpOutputs: update output 0 left 0 top 0 width 1534 height 803
[  1161.194] rdpRRUpdateOutput:
[  1161.194] rdpLoadLayout: keylayout 0x0000040c variant  display 10
[  1161.195] rdpkeybChangeKeyboardControl:
[  1161.195] rdpkeybChangeKeyboardControl: autoRepeat on
[  1161.196] rdpkeybChangeKeyboardControl:
[  1161.196] rdpkeybChangeKeyboardControl: autoRepeat on
[  1161.295] rdpInDeferredRepeatCallback:
[  1161.295] rdpkeybChangeKeyboardControl:
[  1161.295] rdpkeybChangeKeyboardControl: autoRepeat off
[  1161.296] rdpInDeferredRepeatCallback:
[  1161.296] rdpkeybChangeKeyboardControl:
[  1161.296] rdpkeybChangeKeyboardControl: autoRepeat off
[  1229.877] rdpClientConRecv: g_sck_recv failed(returned 0)
[  1229.877] rdpClientConRecvMsg: error
[  1229.877] rdpClientConCheck: rdpClientConGotData failed
[  1229.877] rdpClientConDisconnect:
[  1229.877] rdpRemoveClientConFromDev: removing clientCon 0x559da4abc0
[  1273.831] rdpClientConGotConnection:
[  1273.831] rdpClientConGotConnection: g_sck_accept ok new_sck 25
[  1273.831] rdpClientConGetConnection: idle_disconnect_timeout set to non-positive value, idle timer turned off
[  1273.832] rdpAddClientConToDev: adding first clientCon 0x559da4abc0
[  1273.834] rdpClientConProcessMsgVersion: version 0 0 0 1
[  1273.835] rdpClientConProcessScreenSizeMsg: set width 1532 height 800 bpp 32
[  1273.835] rdpClientConAllocateSharedMemory: shmemid 23 shmemptr 0x7f9a550000 bytes 4902400
[  1273.835] rdpRRScreenSetSize: width 1532 height 800 mmWidth 405 mmHeight 212
[  1273.840] rdpRRScreenSetSize: screen_tex 0x00000b5b
[  1273.842] rdpRRGetInfo:
[  1273.842]   screen resized to 1532x800
[  1273.845] rdpClientConProcessScreenSizeMsg: RRScreenSizeSet ok=[1]
[  1273.849] rdpClientConProcessMsgClientInput: invalidate x 0 y 0 cx 1532 cy 800
[  1273.850] KbdSync: toggling num lock
[  1273.850] rdpkeybChangeKeyboardControl:
[  1273.850] rdpkeybChangeKeyboardControl: autoRepeat off
[  1273.850] rdpkeybChangeKeyboardControl:
[  1273.850] rdpkeybChangeKeyboardControl: autoRepeat off
[  1273.850] rdpClientConProcessMsgClientInfo:
[  1273.850]   got client info bytes 7072
[  1273.850]   jpeg support 0
[  1273.850]   offscreen support 0
[  1273.850]   offscreen size 0
[  1273.850]   offscreen entries 0
[  1273.850]   client can not do offscreen to offscreen blits
[  1273.850]   client can do new(color) cursor
[  1273.850]   client can not do multimon
[  1273.850] rdpRRSetRdpOutputs: numCrtcs 1 numOutputs 1 monitorCount 0
[  1273.850] rdpRRSetRdpOutputs: update output 0 left 0 top 0 width 1532 height 800
[  1273.850] rdpRRUpdateOutput:
[  1273.851] rdpLoadLayout: keylayout 0x0000040c variant  display 10
[  1273.851] rdpkeybChangeKeyboardControl:
[  1273.851] rdpkeybChangeKeyboardControl: autoRepeat on
[  1273.852] rdpkeybChangeKeyboardControl:
[  1273.852] rdpkeybChangeKeyboardControl: autoRepeat on
[  1273.951] rdpInDeferredRepeatCallback:
[  1273.951] rdpkeybChangeKeyboardControl:
[  1273.951] rdpkeybChangeKeyboardControl: autoRepeat off
[  1273.952] rdpInDeferredRepeatCallback:
[  1273.952] rdpkeybChangeKeyboardControl:
[  1273.952] rdpkeybChangeKeyboardControl: autoRepeat off
[  1472.956] KbdSync: toggling num lock
[  1472.957] rdpkeybChangeKeyboardControl:
[  1472.957] rdpkeybChangeKeyboardControl: autoRepeat off
[  1472.957] rdpkeybChangeKeyboardControl:
[  1472.957] rdpkeybChangeKeyboardControl: autoRepeat off
[  1951.663] rdpClientConRecv: g_sck_recv failed(returned 0)
[  1951.663] rdpClientConRecvMsg: error
[  1951.663] rdpClientConCheck: rdpClientConGotData failed
[  1951.663] rdpClientConDisconnect:
[  1951.663] rdpRemoveClientConFromDev: removing clientCon 0x559da4abc0
[  2104.310] rdpmouseControl: what 2
[  2104.310] rdpmouseDeviceOff:
[  2104.310] rdpkeybControl: what 2
[  2104.310] rdpkeybDeviceOff:
[  2104.317] xorgxrdpDamageDestroy:
[  2104.324] rdpkeybControl: what 3
[  2104.325] rdpkeybUnInit: drv 0x559cbad220 info 0x559d86ead0, flags 0x0
[  2104.325] rdpUnregisterInputCallback: proc 0x7fa8231730
[  2104.325] rdpmouseControl: what 3
[  2104.325] rdpmouseUnInit: drv 0x559cbaec00 info 0x559d6e64e0, flags 0x0
[  2104.325] rdpUnregisterInputCallback: proc 0x7fa8260cc4
[  2104.332] rdpCloseScreen:
[  2104.332] xorgxrdpDownDown:
[  2104.332] xorgxrdpDownDown: 1
[  2104.332] rdpClientConDeinit:
[  2104.332] rdpClientConDeinit: deleting file /run/xrdp/sockdir/xrdp_display_10
[  2104.334] rdpClientConDeinit: failed to delete /run/xrdp/sockdir/xrdp_display_10 (No such file or directory)
[  2104.334] rdpClientConDeinit: deleting file /run/xrdp/sockdir/xrdp_disconnect_display_10
[  2104.334] rdpClientConDeinit: failed to delete /run/xrdp/sockdir/xrdp_disconnect_display_10 (No such file or directory)
[  2104.669] (II) Server terminated successfully (0). Closing log file.
